

Started GET "/" for 127.0.0.1 at 2014-12-16 20:51:11 -0300
Processing by Rails::WelcomeController#index as HTML
  Rendered /Users/marcelobento/.rvm/gems/ruby-2.1.2/gems/railties-4.1.5/lib/rails/templates/rails/welcome/index.html.erb (3.7ms)
Completed 200 OK in 93ms (Views: 52.1ms | ActiveRecord: 0.0ms)


Started GET "/" for 127.0.0.1 at 2014-12-16 20:54:44 -0300
Processing by ApplicationController#hello as HTML
  Rendered text template (0.0ms)
Completed 200 OK in 31ms (Views: 30.0ms | ActiveRecord: 0.0ms)


Started GET "/" for 127.0.0.1 at 2014-12-16 21:51:40 -0300
Processing by ApplicationController#hello as HTML
  Rendered text template (0.0ms)
Completed 200 OK in 118ms (Views: 19.5ms | ActiveRecord: 0.0ms)


Started GET "/" for 127.0.0.1 at 2014-12-16 22:01:30 -0300
Processing by ApplicationController#hello as HTML
  Rendered text template (0.0ms)
Completed 200 OK in 34ms (Views: 12.6ms | ActiveRecord: 0.0ms)
  [1m[36m (2.5ms)[0m  [1mCREATE TABLE "schema_migrations" ("version" varchar(255) NOT NULL) [0m
  [1m[35m (0.3ms)[0m  select sqlite_version(*)
  [1m[36m (3.2ms)[0m  [1mCREATE UNIQUE INDEX "unique_schema_migrations" ON "schema_migrations" ("version")[0m
  [1m[35mActiveRecord::SchemaMigration Load (0.2ms)[0m  SELECT "schema_migrations".* FROM "schema_migrations"
Migrating to CreateUsuarios (20141218000336)
  [1m[36m (0.1ms)[0m  [1mbegin transaction[0m
  [1m[35m (0.9ms)[0m  CREATE TABLE "usuarios" ("id" INTEGER PRIMARY KEY AUTOINCREMENT NOT NULL, "nome" varchar(255), "email" varchar(255), "created_at" datetime, "updated_at" datetime) 
  [1m[36mSQL (0.3ms)[0m  [1mINSERT INTO "schema_migrations" ("version") VALUES (?)[0m  [["version", "20141218000336"]]
  [1m[35m (2.6ms)[0m  commit transaction
  [1m[36mActiveRecord::SchemaMigration Load (0.1ms)[0m  [1mSELECT "schema_migrations".* FROM "schema_migrations"[0m


Started GET "/usuario" for 127.0.0.1 at 2014-12-17 21:06:35 -0300
  [1m[36mActiveRecord::SchemaMigration Load (0.3ms)[0m  [1mSELECT "schema_migrations".* FROM "schema_migrations"[0m

ActionController::RoutingError (No route matches [GET] "/usuario"):
  actionpack (4.1.5) lib/action_dispatch/middleware/debug_exceptions.rb:21:in `call'
  actionpack (4.1.5) lib/action_dispatch/middleware/show_exceptions.rb:30:in `call'
  railties (4.1.5) lib/rails/rack/logger.rb:38:in `call_app'
  railties (4.1.5) lib/rails/rack/logger.rb:20:in `block in call'
  activesupport (4.1.5) lib/active_support/tagged_logging.rb:68:in `block in tagged'
  activesupport (4.1.5) lib/active_support/tagged_logging.rb:26:in `tagged'
  activesupport (4.1.5) lib/active_support/tagged_logging.rb:68:in `tagged'
  railties (4.1.5) lib/rails/rack/logger.rb:20:in `call'
  actionpack (4.1.5) lib/action_dispatch/middleware/request_id.rb:21:in `call'
  rack (1.5.2) lib/rack/methodoverride.rb:21:in `call'
  rack (1.5.2) lib/rack/runtime.rb:17:in `call'
  activesupport (4.1.5) lib/active_support/cache/strategy/local_cache_middleware.rb:26:in `call'
  rack (1.5.2) lib/rack/lock.rb:17:in `call'
  actionpack (4.1.5) lib/action_dispatch/middleware/static.rb:64:in `call'
  rack (1.5.2) lib/rack/sendfile.rb:112:in `call'
  railties (4.1.5) lib/rails/engine.rb:514:in `call'
  railties (4.1.5) lib/rails/application.rb:144:in `call'
  rack (1.5.2) lib/rack/lock.rb:17:in `call'
  rack (1.5.2) lib/rack/content_length.rb:14:in `call'
  rack (1.5.2) lib/rack/handler/webrick.rb:60:in `service'
  /Users/marcelobento/.rvm/rubies/ruby-2.1.2/lib/ruby/2.1.0/webrick/httpserver.rb:138:in `service'
  /Users/marcelobento/.rvm/rubies/ruby-2.1.2/lib/ruby/2.1.0/webrick/httpserver.rb:94:in `run'
  /Users/marcelobento/.rvm/rubies/ruby-2.1.2/lib/ruby/2.1.0/webrick/server.rb:295:in `block in start_thread'


  Rendered /Users/marcelobento/.rvm/gems/ruby-2.1.2/gems/actionpack-4.1.5/lib/action_dispatch/middleware/templates/rescues/_trace.html.erb (2.6ms)
  Rendered /Users/marcelobento/.rvm/gems/ruby-2.1.2/gems/actionpack-4.1.5/lib/action_dispatch/middleware/templates/routes/_route.html.erb (3.1ms)
  Rendered /Users/marcelobento/.rvm/gems/ruby-2.1.2/gems/actionpack-4.1.5/lib/action_dispatch/middleware/templates/routes/_table.html.erb (32.0ms)
  Rendered /Users/marcelobento/.rvm/gems/ruby-2.1.2/gems/actionpack-4.1.5/lib/action_dispatch/middleware/templates/rescues/routing_error.html.erb within rescues/layout (96.0ms)


Started GET "/usuarios" for 127.0.0.1 at 2014-12-17 21:06:38 -0300
Processing by UsuariosController#index as HTML
  [1m[35mUsuario Load (0.3ms)[0m  SELECT "usuarios".* FROM "usuarios"
  Rendered usuarios/index.html.erb within layouts/application (3.4ms)
Completed 200 OK in 2112ms (Views: 2062.6ms | ActiveRecord: 0.3ms)


Started GET "/assets/usuarios.css?body=1" for 127.0.0.1 at 2014-12-17 21:06:41 -0300


Started GET "/assets/application.css?body=1" for 127.0.0.1 at 2014-12-17 21:06:41 -0300


Started GET "/assets/jquery_ujs.js?body=1" for 127.0.0.1 at 2014-12-17 21:06:41 -0300


Started GET "/assets/turbolinks.js?body=1" for 127.0.0.1 at 2014-12-17 21:06:41 -0300


Started GET "/assets/usuarios.js?body=1" for 127.0.0.1 at 2014-12-17 21:06:41 -0300


Started GET "/assets/jquery.js?body=1" for 127.0.0.1 at 2014-12-17 21:06:41 -0300


Started GET "/assets/application.js?body=1" for 127.0.0.1 at 2014-12-17 21:06:41 -0300


Started GET "/assets/scaffolds.css?body=1" for 127.0.0.1 at 2014-12-17 21:06:41 -0300


Started GET "/usuarios/new" for 127.0.0.1 at 2014-12-17 21:06:44 -0300
Processing by UsuariosController#new as HTML
  Rendered usuarios/_form.html.erb (137.0ms)
  Rendered usuarios/new.html.erb within layouts/application (140.2ms)
Completed 200 OK in 241ms (Views: 236.2ms | ActiveRecord: 0.6ms)


Started POST "/usuarios" for 127.0.0.1 at 2014-12-17 21:06:56 -0300
Processing by UsuariosController#create as HTML
  Parameters: {"utf8"=>"✓", "authenticity_token"=>"tZ6pD/mjgkFuul+3xn43zV3zoj2wbYqqHuIGX2Kp8Ns=", "usuario"=>{"nome"=>"Marcelo Bento", "email"=>"celobento26@gmail.com"}, "commit"=>"Create Usuario"}
  [1m[36m (0.2ms)[0m  [1mbegin transaction[0m
  [1m[35mSQL (0.9ms)[0m  INSERT INTO "usuarios" ("created_at", "email", "nome", "updated_at") VALUES (?, ?, ?, ?)  [["created_at", "2014-12-18 00:06:56.907782"], ["email", "celobento26@gmail.com"], ["nome", "Marcelo Bento"], ["updated_at", "2014-12-18 00:06:56.907782"]]
  [1m[36m (2.4ms)[0m  [1mcommit transaction[0m
Redirected to http://localhost:3000/usuarios/1
Completed 302 Found in 61ms (ActiveRecord: 3.5ms)


Started GET "/usuarios/1" for 127.0.0.1 at 2014-12-17 21:06:57 -0300
Processing by UsuariosController#show as HTML
  Parameters: {"id"=>"1"}
  [1m[35mUsuario Load (0.4ms)[0m  SELECT  "usuarios".* FROM "usuarios"  WHERE "usuarios"."id" = ? LIMIT 1  [["id", 1]]
  Rendered usuarios/show.html.erb within layouts/application (1.8ms)
Completed 200 OK in 122ms (Views: 116.2ms | ActiveRecord: 0.4ms)


Started GET "/assets/scaffolds.css?body=1" for 127.0.0.1 at 2014-12-17 21:06:57 -0300


Started GET "/assets/usuarios.css?body=1" for 127.0.0.1 at 2014-12-17 21:06:57 -0300


Started GET "/assets/application.js?body=1" for 127.0.0.1 at 2014-12-17 21:06:57 -0300


Started GET "/assets/jquery.js?body=1" for 127.0.0.1 at 2014-12-17 21:06:57 -0300


Started GET "/assets/jquery_ujs.js?body=1" for 127.0.0.1 at 2014-12-17 21:06:57 -0300


Started GET "/assets/turbolinks.js?body=1" for 127.0.0.1 at 2014-12-17 21:06:57 -0300


Started GET "/assets/application.css?body=1" for 127.0.0.1 at 2014-12-17 21:06:57 -0300


Started GET "/assets/usuarios.js?body=1" for 127.0.0.1 at 2014-12-17 21:06:57 -0300


Started GET "/usuarios" for 127.0.0.1 at 2014-12-17 21:07:00 -0300
Processing by UsuariosController#index as HTML
  [1m[36mUsuario Load (0.3ms)[0m  [1mSELECT "usuarios".* FROM "usuarios"[0m
  Rendered usuarios/index.html.erb within layouts/application (4.5ms)
Completed 200 OK in 136ms (Views: 134.9ms | ActiveRecord: 0.3ms)


Started GET "/" for 127.0.0.1 at 2014-12-17 21:09:56 -0300
Processing by UsuariosController#index as HTML
  [1m[35mUsuario Load (0.5ms)[0m  SELECT "usuarios".* FROM "usuarios"
  Rendered usuarios/index.html.erb within layouts/application (12.1ms)
Completed 200 OK in 122ms (Views: 117.0ms | ActiveRecord: 0.9ms)


Started GET "/assets/application.js?body=1" for 127.0.0.1 at 2014-12-17 21:09:56 -0300


Started GET "/assets/scaffolds.css?body=1" for 127.0.0.1 at 2014-12-17 21:09:56 -0300


Started GET "/assets/usuarios.css?body=1" for 127.0.0.1 at 2014-12-17 21:09:56 -0300


Started GET "/assets/jquery_ujs.js?body=1" for 127.0.0.1 at 2014-12-17 21:09:56 -0300


Started GET "/assets/turbolinks.js?body=1" for 127.0.0.1 at 2014-12-17 21:09:56 -0300


Started GET "/assets/application.css?body=1" for 127.0.0.1 at 2014-12-17 21:09:56 -0300


Started GET "/assets/jquery.js?body=1" for 127.0.0.1 at 2014-12-17 21:09:56 -0300


Started GET "/assets/usuarios.js?body=1" for 127.0.0.1 at 2014-12-17 21:09:56 -0300


Started GET "/usuarios/new" for 127.0.0.1 at 2014-12-17 21:20:57 -0300
Processing by UsuariosController#new as HTML
  Rendered usuarios/_form.html.erb (8.6ms)
  Rendered usuarios/new.html.erb within layouts/application (10.8ms)
Completed 200 OK in 116ms (Views: 110.1ms | ActiveRecord: 0.8ms)


Started POST "/usuarios" for 127.0.0.1 at 2014-12-17 21:21:02 -0300
Processing by UsuariosController#create as HTML
  Parameters: {"utf8"=>"✓", "authenticity_token"=>"tZ6pD/mjgkFuul+3xn43zV3zoj2wbYqqHuIGX2Kp8Ns=", "usuario"=>{"nome"=>"a", "email"=>"q"}, "commit"=>"Create Usuario"}
  [1m[36m (0.1ms)[0m  [1mbegin transaction[0m
  [1m[35m (1.8ms)[0m  rollback transaction
  Rendered usuarios/_form.html.erb (7.1ms)
  Rendered usuarios/new.html.erb within layouts/application (10.9ms)
Completed 200 OK in 124ms (Views: 112.4ms | ActiveRecord: 2.0ms)


Started GET "/assets/usuarios.js?body=1" for 127.0.0.1 at 2014-12-17 21:21:02 -0300


Started GET "/assets/scaffolds.css?body=1" for 127.0.0.1 at 2014-12-17 21:21:02 -0300


Started GET "/assets/usuarios.css?body=1" for 127.0.0.1 at 2014-12-17 21:21:02 -0300


Started GET "/assets/application.css?body=1" for 127.0.0.1 at 2014-12-17 21:21:02 -0300


Started GET "/assets/jquery.js?body=1" for 127.0.0.1 at 2014-12-17 21:21:02 -0300


Started GET "/assets/turbolinks.js?body=1" for 127.0.0.1 at 2014-12-17 21:21:02 -0300


Started GET "/assets/application.js?body=1" for 127.0.0.1 at 2014-12-17 21:21:02 -0300


Started GET "/assets/jquery_ujs.js?body=1" for 127.0.0.1 at 2014-12-17 21:21:02 -0300


Started GET "/sattic_pages/home" for 127.0.0.1 at 2014-12-17 21:49:56 -0300
  [1m[36mActiveRecord::SchemaMigration Load (0.3ms)[0m  [1mSELECT "schema_migrations".* FROM "schema_migrations"[0m

ActiveRecord::PendingMigrationError (

Migrations are pending. To resolve this issue, run:

	bin/rake db:migrate RAILS_ENV=development

):
  activerecord (4.1.5) lib/active_record/migration.rb:389:in `check_pending!'
  activerecord (4.1.5) lib/active_record/migration.rb:377:in `call'
  actionpack (4.1.5) lib/action_dispatch/middleware/callbacks.rb:29:in `block in call'
  activesupport (4.1.5) lib/active_support/callbacks.rb:82:in `run_callbacks'
  actionpack (4.1.5) lib/action_dispatch/middleware/callbacks.rb:27:in `call'
  actionpack (4.1.5) lib/action_dispatch/middleware/reloader.rb:73:in `call'
  actionpack (4.1.5) lib/action_dispatch/middleware/remote_ip.rb:76:in `call'
  actionpack (4.1.5) lib/action_dispatch/middleware/debug_exceptions.rb:17:in `call'
  actionpack (4.1.5) lib/action_dispatch/middleware/show_exceptions.rb:30:in `call'
  railties (4.1.5) lib/rails/rack/logger.rb:38:in `call_app'
  railties (4.1.5) lib/rails/rack/logger.rb:20:in `block in call'
  activesupport (4.1.5) lib/active_support/tagged_logging.rb:68:in `block in tagged'
  activesupport (4.1.5) lib/active_support/tagged_logging.rb:26:in `tagged'
  activesupport (4.1.5) lib/active_support/tagged_logging.rb:68:in `tagged'
  railties (4.1.5) lib/rails/rack/logger.rb:20:in `call'
  actionpack (4.1.5) lib/action_dispatch/middleware/request_id.rb:21:in `call'
  rack (1.5.2) lib/rack/methodoverride.rb:21:in `call'
  rack (1.5.2) lib/rack/runtime.rb:17:in `call'
  activesupport (4.1.5) lib/active_support/cache/strategy/local_cache_middleware.rb:26:in `call'
  rack (1.5.2) lib/rack/lock.rb:17:in `call'
  actionpack (4.1.5) lib/action_dispatch/middleware/static.rb:64:in `call'
  rack (1.5.2) lib/rack/sendfile.rb:112:in `call'
  railties (4.1.5) lib/rails/engine.rb:514:in `call'
  railties (4.1.5) lib/rails/application.rb:144:in `call'
  rack (1.5.2) lib/rack/lock.rb:17:in `call'
  rack (1.5.2) lib/rack/content_length.rb:14:in `call'
  rack (1.5.2) lib/rack/handler/webrick.rb:60:in `service'
  /Users/marcelobento/.rvm/rubies/ruby-2.1.2/lib/ruby/2.1.0/webrick/httpserver.rb:138:in `service'
  /Users/marcelobento/.rvm/rubies/ruby-2.1.2/lib/ruby/2.1.0/webrick/httpserver.rb:94:in `run'
  /Users/marcelobento/.rvm/rubies/ruby-2.1.2/lib/ruby/2.1.0/webrick/server.rb:295:in `block in start_thread'


  Rendered /Users/marcelobento/.rvm/gems/ruby-2.1.2/gems/actionpack-4.1.5/lib/action_dispatch/middleware/templates/rescues/_source.erb (1.4ms)
  Rendered /Users/marcelobento/.rvm/gems/ruby-2.1.2/gems/actionpack-4.1.5/lib/action_dispatch/middleware/templates/rescues/_trace.html.erb (2.6ms)
  Rendered /Users/marcelobento/.rvm/gems/ruby-2.1.2/gems/actionpack-4.1.5/lib/action_dispatch/middleware/templates/rescues/_request_and_response.html.erb (2.1ms)
  Rendered /Users/marcelobento/.rvm/gems/ruby-2.1.2/gems/actionpack-4.1.5/lib/action_dispatch/middleware/templates/rescues/diagnostics.erb within rescues/layout (45.3ms)


Started GET "/static_pages/home" for 127.0.0.1 at 2014-12-17 21:50:06 -0300
  [1m[35mActiveRecord::SchemaMigration Load (0.2ms)[0m  SELECT "schema_migrations".* FROM "schema_migrations"

ActiveRecord::PendingMigrationError (

Migrations are pending. To resolve this issue, run:

	bin/rake db:migrate RAILS_ENV=development

):
  activerecord (4.1.5) lib/active_record/migration.rb:389:in `check_pending!'
  activerecord (4.1.5) lib/active_record/migration.rb:377:in `call'
  actionpack (4.1.5) lib/action_dispatch/middleware/callbacks.rb:29:in `block in call'
  activesupport (4.1.5) lib/active_support/callbacks.rb:82:in `run_callbacks'
  actionpack (4.1.5) lib/action_dispatch/middleware/callbacks.rb:27:in `call'
  actionpack (4.1.5) lib/action_dispatch/middleware/reloader.rb:73:in `call'
  actionpack (4.1.5) lib/action_dispatch/middleware/remote_ip.rb:76:in `call'
  actionpack (4.1.5) lib/action_dispatch/middleware/debug_exceptions.rb:17:in `call'
  actionpack (4.1.5) lib/action_dispatch/middleware/show_exceptions.rb:30:in `call'
  railties (4.1.5) lib/rails/rack/logger.rb:38:in `call_app'
  railties (4.1.5) lib/rails/rack/logger.rb:20:in `block in call'
  activesupport (4.1.5) lib/active_support/tagged_logging.rb:68:in `block in tagged'
  activesupport (4.1.5) lib/active_support/tagged_logging.rb:26:in `tagged'
  activesupport (4.1.5) lib/active_support/tagged_logging.rb:68:in `tagged'
  railties (4.1.5) lib/rails/rack/logger.rb:20:in `call'
  actionpack (4.1.5) lib/action_dispatch/middleware/request_id.rb:21:in `call'
  rack (1.5.2) lib/rack/methodoverride.rb:21:in `call'
  rack (1.5.2) lib/rack/runtime.rb:17:in `call'
  activesupport (4.1.5) lib/active_support/cache/strategy/local_cache_middleware.rb:26:in `call'
  rack (1.5.2) lib/rack/lock.rb:17:in `call'
  actionpack (4.1.5) lib/action_dispatch/middleware/static.rb:64:in `call'
  rack (1.5.2) lib/rack/sendfile.rb:112:in `call'
  railties (4.1.5) lib/rails/engine.rb:514:in `call'
  railties (4.1.5) lib/rails/application.rb:144:in `call'
  rack (1.5.2) lib/rack/lock.rb:17:in `call'
  rack (1.5.2) lib/rack/content_length.rb:14:in `call'
  rack (1.5.2) lib/rack/handler/webrick.rb:60:in `service'
  /Users/marcelobento/.rvm/rubies/ruby-2.1.2/lib/ruby/2.1.0/webrick/httpserver.rb:138:in `service'
  /Users/marcelobento/.rvm/rubies/ruby-2.1.2/lib/ruby/2.1.0/webrick/httpserver.rb:94:in `run'
  /Users/marcelobento/.rvm/rubies/ruby-2.1.2/lib/ruby/2.1.0/webrick/server.rb:295:in `block in start_thread'


  Rendered /Users/marcelobento/.rvm/gems/ruby-2.1.2/gems/actionpack-4.1.5/lib/action_dispatch/middleware/templates/rescues/_source.erb (1.4ms)
  Rendered /Users/marcelobento/.rvm/gems/ruby-2.1.2/gems/actionpack-4.1.5/lib/action_dispatch/middleware/templates/rescues/_trace.html.erb (2.6ms)
  Rendered /Users/marcelobento/.rvm/gems/ruby-2.1.2/gems/actionpack-4.1.5/lib/action_dispatch/middleware/templates/rescues/_request_and_response.html.erb (2.0ms)
  Rendered /Users/marcelobento/.rvm/gems/ruby-2.1.2/gems/actionpack-4.1.5/lib/action_dispatch/middleware/templates/rescues/diagnostics.erb within rescues/layout (35.3ms)
  [1m[36mActiveRecord::SchemaMigration Load (0.2ms)[0m  [1mSELECT "schema_migrations".* FROM "schema_migrations"[0m
Migrating to CreatePlanos (20141218002427)
  [1m[35m (0.2ms)[0m  begin transaction
  [1m[36m (0.1ms)[0m  [1mrollback transaction[0m


Started GET "/static_pages/home" for 127.0.0.1 at 2014-12-17 21:51:25 -0300
  [1m[36mActiveRecord::SchemaMigration Load (0.3ms)[0m  [1mSELECT "schema_migrations".* FROM "schema_migrations"[0m

ActiveRecord::PendingMigrationError (

Migrations are pending. To resolve this issue, run:

	bin/rake db:migrate RAILS_ENV=development

):
  activerecord (4.1.5) lib/active_record/migration.rb:389:in `check_pending!'
  activerecord (4.1.5) lib/active_record/migration.rb:377:in `call'
  actionpack (4.1.5) lib/action_dispatch/middleware/callbacks.rb:29:in `block in call'
  activesupport (4.1.5) lib/active_support/callbacks.rb:82:in `run_callbacks'
  actionpack (4.1.5) lib/action_dispatch/middleware/callbacks.rb:27:in `call'
  actionpack (4.1.5) lib/action_dispatch/middleware/reloader.rb:73:in `call'
  actionpack (4.1.5) lib/action_dispatch/middleware/remote_ip.rb:76:in `call'
  actionpack (4.1.5) lib/action_dispatch/middleware/debug_exceptions.rb:17:in `call'
  actionpack (4.1.5) lib/action_dispatch/middleware/show_exceptions.rb:30:in `call'
  railties (4.1.5) lib/rails/rack/logger.rb:38:in `call_app'
  railties (4.1.5) lib/rails/rack/logger.rb:20:in `block in call'
  activesupport (4.1.5) lib/active_support/tagged_logging.rb:68:in `block in tagged'
  activesupport (4.1.5) lib/active_support/tagged_logging.rb:26:in `tagged'
  activesupport (4.1.5) lib/active_support/tagged_logging.rb:68:in `tagged'
  railties (4.1.5) lib/rails/rack/logger.rb:20:in `call'
  actionpack (4.1.5) lib/action_dispatch/middleware/request_id.rb:21:in `call'
  rack (1.5.2) lib/rack/methodoverride.rb:21:in `call'
  rack (1.5.2) lib/rack/runtime.rb:17:in `call'
  activesupport (4.1.5) lib/active_support/cache/strategy/local_cache_middleware.rb:26:in `call'
  rack (1.5.2) lib/rack/lock.rb:17:in `call'
  actionpack (4.1.5) lib/action_dispatch/middleware/static.rb:64:in `call'
  rack (1.5.2) lib/rack/sendfile.rb:112:in `call'
  railties (4.1.5) lib/rails/engine.rb:514:in `call'
  railties (4.1.5) lib/rails/application.rb:144:in `call'
  rack (1.5.2) lib/rack/lock.rb:17:in `call'
  rack (1.5.2) lib/rack/content_length.rb:14:in `call'
  rack (1.5.2) lib/rack/handler/webrick.rb:60:in `service'
  /Users/marcelobento/.rvm/rubies/ruby-2.1.2/lib/ruby/2.1.0/webrick/httpserver.rb:138:in `service'
  /Users/marcelobento/.rvm/rubies/ruby-2.1.2/lib/ruby/2.1.0/webrick/httpserver.rb:94:in `run'
  /Users/marcelobento/.rvm/rubies/ruby-2.1.2/lib/ruby/2.1.0/webrick/server.rb:295:in `block in start_thread'


  Rendered /Users/marcelobento/.rvm/gems/ruby-2.1.2/gems/actionpack-4.1.5/lib/action_dispatch/middleware/templates/rescues/_source.erb (1.7ms)
  Rendered /Users/marcelobento/.rvm/gems/ruby-2.1.2/gems/actionpack-4.1.5/lib/action_dispatch/middleware/templates/rescues/_trace.html.erb (2.4ms)
  Rendered /Users/marcelobento/.rvm/gems/ruby-2.1.2/gems/actionpack-4.1.5/lib/action_dispatch/middleware/templates/rescues/_request_and_response.html.erb (2.4ms)
  Rendered /Users/marcelobento/.rvm/gems/ruby-2.1.2/gems/actionpack-4.1.5/lib/action_dispatch/middleware/templates/rescues/diagnostics.erb within rescues/layout (81.5ms)
  [1m[36mActiveRecord::SchemaMigration Load (0.2ms)[0m  [1mSELECT "schema_migrations".* FROM "schema_migrations"[0m
Migrating to CreatePlanos (20141218002427)
  [1m[35m (0.1ms)[0m  begin transaction
  [1m[36m (0.1ms)[0m  [1mrollback transaction[0m
  [1m[36mActiveRecord::SchemaMigration Load (0.2ms)[0m  [1mSELECT "schema_migrations".* FROM "schema_migrations"[0m
Migrating to CreatePlanos (20141218002427)
  [1m[35m (0.2ms)[0m  begin transaction
  [1m[36m (0.8ms)[0m  [1mCREATE TABLE "planos" ("id" INTEGER PRIMARY KEY AUTOINCREMENT NOT NULL, "nome" varchar(255), "horaDiaUtil" integer, "horaDiaFds" integer, "created_at" datetime, "updated_at" datetime) [0m
  [1m[35mSQL (0.5ms)[0m  INSERT INTO "schema_migrations" ("version") VALUES (?)  [["version", "20141218002427"]]
  [1m[36m (3.2ms)[0m  [1mcommit transaction[0m
  [1m[35mActiveRecord::SchemaMigration Load (0.1ms)[0m  SELECT "schema_migrations".* FROM "schema_migrations"


Started GET "/static_pages/home" for 127.0.0.1 at 2014-12-17 21:54:57 -0300
  [1m[36mActiveRecord::SchemaMigration Load (0.2ms)[0m  [1mSELECT "schema_migrations".* FROM "schema_migrations"[0m
Processing by StaticPagesController#home as HTML
  Rendered static_pages/home.html.erb within layouts/application (2.7ms)
Completed 200 OK in 1685ms (Views: 1645.4ms | ActiveRecord: 0.0ms)


Started GET "/assets/static_pages.css?body=1" for 127.0.0.1 at 2014-12-17 21:54:59 -0300


Started GET "/assets/scaffolds.css?body=1" for 127.0.0.1 at 2014-12-17 21:54:59 -0300


Started GET "/assets/application.css?body=1" for 127.0.0.1 at 2014-12-17 21:54:59 -0300


Started GET "/assets/turbolinks.js?body=1" for 127.0.0.1 at 2014-12-17 21:54:59 -0300


Started GET "/assets/jquery.js?body=1" for 127.0.0.1 at 2014-12-17 21:54:59 -0300


Started GET "/assets/planos.js?body=1" for 127.0.0.1 at 2014-12-17 21:54:59 -0300


Started GET "/assets/usuarios.css?body=1" for 127.0.0.1 at 2014-12-17 21:54:59 -0300


Started GET "/assets/static_pages.js?body=1" for 127.0.0.1 at 2014-12-17 21:54:59 -0300


Started GET "/assets/planos.css?body=1" for 127.0.0.1 at 2014-12-17 21:54:59 -0300


Started GET "/assets/jquery_ujs.js?body=1" for 127.0.0.1 at 2014-12-17 21:54:59 -0300


Started GET "/assets/usuarios.js?body=1" for 127.0.0.1 at 2014-12-17 21:54:59 -0300


Started GET "/assets/application.js?body=1" for 127.0.0.1 at 2014-12-17 21:54:59 -0300


Started GET "/static_pages/home" for 127.0.0.1 at 2014-12-17 22:13:15 -0300
  [1m[36mActiveRecord::SchemaMigration Load (0.3ms)[0m  [1mSELECT "schema_migrations".* FROM "schema_migrations"[0m
Processing by StaticPagesController#home as HTML
  Rendered static_pages/home.html.erb within layouts/application (2.4ms)
Completed 200 OK in 374ms (Views: 318.6ms | ActiveRecord: 0.0ms)


Started GET "/assets/static_pages.css?body=1" for 127.0.0.1 at 2014-12-17 22:13:16 -0300


Started GET "/assets/scaffolds.css?body=1" for 127.0.0.1 at 2014-12-17 22:13:16 -0300


Started GET "/assets/application.css?body=1" for 127.0.0.1 at 2014-12-17 22:13:16 -0300


Started GET "/assets/usuarios.css?body=1" for 127.0.0.1 at 2014-12-17 22:13:16 -0300


Started GET "/assets/turbolinks.js?body=1" for 127.0.0.1 at 2014-12-17 22:13:16 -0300


Started GET "/assets/jquery_ujs.js?body=1" for 127.0.0.1 at 2014-12-17 22:13:16 -0300


Started GET "/assets/planos.css?body=1" for 127.0.0.1 at 2014-12-17 22:13:16 -0300


Started GET "/assets/jquery.js?body=1" for 127.0.0.1 at 2014-12-17 22:13:17 -0300


Started GET "/assets/static_pages.js?body=1" for 127.0.0.1 at 2014-12-17 22:13:17 -0300


Started GET "/assets/planos.js?body=1" for 127.0.0.1 at 2014-12-17 22:13:17 -0300


Started GET "/assets/usuarios.js?body=1" for 127.0.0.1 at 2014-12-17 22:13:17 -0300


Started GET "/assets/application.js?body=1" for 127.0.0.1 at 2014-12-17 22:13:17 -0300


Started GET "/static_pages/about" for 127.0.0.1 at 2014-12-17 22:13:21 -0300
Processing by StaticPagesController#about as HTML
  Rendered static_pages/about.html.erb within layouts/application (4.1ms)
Completed 200 OK in 157ms (Views: 156.1ms | ActiveRecord: 0.0ms)


Started GET "/assets/usuarios.js?body=1" for 127.0.0.1 at 2014-12-17 22:13:21 -0300


Started GET "/assets/usuarios.css?body=1" for 127.0.0.1 at 2014-12-17 22:13:22 -0300


Started GET "/assets/scaffolds.css?body=1" for 127.0.0.1 at 2014-12-17 22:13:22 -0300


Started GET "/assets/planos.css?body=1" for 127.0.0.1 at 2014-12-17 22:13:22 -0300


Started GET "/assets/static_pages.css?body=1" for 127.0.0.1 at 2014-12-17 22:13:22 -0300


Started GET "/assets/turbolinks.js?body=1" for 127.0.0.1 at 2014-12-17 22:13:22 -0300


Started GET "/assets/application.js?body=1" for 127.0.0.1 at 2014-12-17 22:13:22 -0300


Started GET "/assets/jquery.js?body=1" for 127.0.0.1 at 2014-12-17 22:13:22 -0300


Started GET "/assets/jquery_ujs.js?body=1" for 127.0.0.1 at 2014-12-17 22:13:22 -0300


Started GET "/assets/static_pages.js?body=1" for 127.0.0.1 at 2014-12-17 22:13:22 -0300


Started GET "/assets/application.css?body=1" for 127.0.0.1 at 2014-12-17 22:13:22 -0300


Started GET "/assets/planos.js?body=1" for 127.0.0.1 at 2014-12-17 22:13:22 -0300


Started GET "/static_pages/about" for 127.0.0.1 at 2014-12-18 21:06:10 -0300
Processing by StaticPagesController#about as HTML
  Rendered static_pages/about.html.erb within layouts/application (0.1ms)
Completed 200 OK in 206ms (Views: 204.5ms | ActiveRecord: 0.0ms)


Started GET "/assets/planos.css?body=1" for 127.0.0.1 at 2014-12-18 21:06:10 -0300


Started GET "/assets/scaffolds.css?body=1" for 127.0.0.1 at 2014-12-18 21:06:10 -0300


Started GET "/assets/planos.js?body=1" for 127.0.0.1 at 2014-12-18 21:06:10 -0300


Started GET "/assets/usuarios.css?body=1" for 127.0.0.1 at 2014-12-18 21:06:10 -0300


Started GET "/assets/usuarios.js?body=1" for 127.0.0.1 at 2014-12-18 21:06:10 -0300


Started GET "/assets/turbolinks.js?body=1" for 127.0.0.1 at 2014-12-18 21:06:10 -0300


Started GET "/assets/static_pages.css?body=1" for 127.0.0.1 at 2014-12-18 21:06:10 -0300


Started GET "/assets/static_pages.js?body=1" for 127.0.0.1 at 2014-12-18 21:06:10 -0300


Started GET "/assets/application.js?body=1" for 127.0.0.1 at 2014-12-18 21:06:10 -0300


Started GET "/assets/jquery.js?body=1" for 127.0.0.1 at 2014-12-18 21:06:10 -0300


Started GET "/assets/jquery_ujs.js?body=1" for 127.0.0.1 at 2014-12-18 21:06:10 -0300


Started GET "/assets/application.css?body=1" for 127.0.0.1 at 2014-12-18 21:06:10 -0300


Started GET "/static_pages/about" for 127.0.0.1 at 2014-12-18 21:06:50 -0300
Processing by StaticPagesController#about as HTML
  Rendered static_pages/about.html.erb within layouts/application (0.1ms)
Completed 200 OK in 172ms (Views: 171.1ms | ActiveRecord: 0.0ms)


Started GET "/assets/jquery_ujs.js?body=1" for 127.0.0.1 at 2014-12-18 21:06:50 -0300


Started GET "/assets/scaffolds.css?body=1" for 127.0.0.1 at 2014-12-18 21:06:50 -0300


Started GET "/assets/jquery.js?body=1" for 127.0.0.1 at 2014-12-18 21:06:50 -0300


Started GET "/assets/planos.js?body=1" for 127.0.0.1 at 2014-12-18 21:06:50 -0300


Started GET "/assets/usuarios.css?body=1" for 127.0.0.1 at 2014-12-18 21:06:50 -0300


Started GET "/assets/planos.css?body=1" for 127.0.0.1 at 2014-12-18 21:06:50 -0300


Started GET "/assets/application.css?body=1" for 127.0.0.1 at 2014-12-18 21:06:50 -0300


Started GET "/assets/turbolinks.js?body=1" for 127.0.0.1 at 2014-12-18 21:06:50 -0300


Started GET "/assets/static_pages.css?body=1" for 127.0.0.1 at 2014-12-18 21:06:50 -0300


Started GET "/assets/application.js?body=1" for 127.0.0.1 at 2014-12-18 21:06:50 -0300


Started GET "/assets/usuarios.js?body=1" for 127.0.0.1 at 2014-12-18 21:06:50 -0300


Started GET "/assets/static_pages.js?body=1" for 127.0.0.1 at 2014-12-18 21:06:50 -0300


Started GET "/static_pages/about" for 127.0.0.1 at 2014-12-18 21:08:48 -0300
Processing by StaticPagesController#about as HTML
  Rendered static_pages/about.html.erb within layouts/application (0.8ms)
Completed 200 OK in 169ms (Views: 167.6ms | ActiveRecord: 0.0ms)


Started GET "/assets/jquery_ujs.js?body=1" for 127.0.0.1 at 2014-12-18 21:08:49 -0300


Started GET "/assets/application.js?body=1" for 127.0.0.1 at 2014-12-18 21:08:49 -0300


Started GET "/assets/scaffolds.css?body=1" for 127.0.0.1 at 2014-12-18 21:08:49 -0300


Started GET "/assets/turbolinks.js?body=1" for 127.0.0.1 at 2014-12-18 21:08:49 -0300


Started GET "/assets/static_pages.css?body=1" for 127.0.0.1 at 2014-12-18 21:08:49 -0300


Started GET "/assets/static_pages.js?body=1" for 127.0.0.1 at 2014-12-18 21:08:49 -0300


Started GET "/assets/jquery.js?body=1" for 127.0.0.1 at 2014-12-18 21:08:49 -0300


Started GET "/assets/planos.css?body=1" for 127.0.0.1 at 2014-12-18 21:08:49 -0300


Started GET "/assets/usuarios.css?body=1" for 127.0.0.1 at 2014-12-18 21:08:49 -0300


Started GET "/assets/application.css?body=1" for 127.0.0.1 at 2014-12-18 21:08:49 -0300


Started GET "/assets/usuarios.js?body=1" for 127.0.0.1 at 2014-12-18 21:08:49 -0300


Started GET "/assets/planos.js?body=1" for 127.0.0.1 at 2014-12-18 21:08:49 -0300
